cl : command line  warning D9025: overriding '/D_CRT_SECURE_NO_WARNINGS' with '/U_CRT_SECURE_NO_WARNINGS'
  HomePage.cpp
D:\IUT\BP\PAC-MAN\PAC-MAN\HomePage.cpp(5,9): warning C4129: ' ': unrecognized character escape sequence
  LoginFunc.cpp
D:\IUT\BP\PAC-MAN\PAC-MAN\LoginFunc.cpp(44,20): warning C4474: 'fscanf' : too many arguments passed for format string
  D:\IUT\BP\PAC-MAN\PAC-MAN\LoginFunc.cpp(44,20):
  placeholders and their parameters expect 0 variadic arguments, but 1 were provided
  
  Playing.cpp
  Source.cpp
D:\IUT\BP\PAC-MAN\PAC-MAN\Playing.cpp(8,12): error C2664: 'char *FindPositon(const char,int,char *,char **,int,int)': cannot convert argument 3 from 'char **' to 'char *'
  D:\IUT\BP\PAC-MAN\PAC-MAN\Playing.cpp(8,30):
  Types pointed to are unrelated; conversion requires reinterpret_cast, C-style cast or parenthesized function-style cast
  D:\IUT\BP\PAC-MAN\PAC-MAN\game.h(63,7):
  see declaration of 'FindPositon'
  D:\IUT\BP\PAC-MAN\PAC-MAN\Playing.cpp(8,12):
  while trying to match the argument list '(char, int, char **, char **, int, int)'
  
D:\IUT\BP\PAC-MAN\PAC-MAN\Playing.cpp(9,2): error C2664: 'char *FindPositon(const char,int,char *,char **,int,int)': cannot convert argument 3 from 'char **' to 'char *'
  D:\IUT\BP\PAC-MAN\PAC-MAN\Playing.cpp(9,38):
  Types pointed to are unrelated; conversion requires reinterpret_cast, C-style cast or parenthesized function-style cast
  D:\IUT\BP\PAC-MAN\PAC-MAN\game.h(63,7):
  see declaration of 'FindPositon'
  D:\IUT\BP\PAC-MAN\PAC-MAN\Playing.cpp(9,2):
  while trying to match the argument list '(char, int, char **, char **, int, int)'
  
D:\IUT\BP\PAC-MAN\PAC-MAN\Source.cpp(48,9): warning C4473: 'printf' : not enough arguments passed for format string
  D:\IUT\BP\PAC-MAN\PAC-MAN\Source.cpp(48,9):
  placeholders and their parameters expect 2 variadic arguments, but 0 were provided
  D:\IUT\BP\PAC-MAN\PAC-MAN\Source.cpp(48,9):
  the missing variadic argument 1 is required by format string '%s'
  
D:\IUT\BP\PAC-MAN\PAC-MAN\Source.cpp(49,9): warning C4477: 'printf' : format string '%s' requires an argument of type 'char *', but variadic argument 2 has type 'int'
D:\IUT\BP\PAC-MAN\PAC-MAN\Source.cpp(49,9): warning C4313: 'printf': '%s' in format string conflicts with argument 2 of type 'int'
  main.cpp
  Generating Code...
D:\IUT\BP\PAC-MAN\PAC-MAN\Source.cpp(22): warning C4715: 'UploadMap': not all control paths return a value
D:\IUT\BP\PAC-MAN\PAC-MAN\LoginFunc.cpp(85): warning C4715: 'Search': not all control paths return a value
D:\IUT\BP\PAC-MAN\PAC-MAN\LoginFunc.cpp(54): warning C4715: 'Loud_File': not all control paths return a value
D:\IUT\BP\PAC-MAN\PAC-MAN\LoginFunc.cpp(135): warning C4715: 'SignUpPage': not all control paths return a value
D:\IUT\BP\PAC-MAN\PAC-MAN\LoginFunc.cpp(108): warning C4715: 'LoginPage': not all control paths return a value
D:\IUT\BP\PAC-MAN\PAC-MAN\LoginFunc.cpp(133): warning C4172: returning address of local variable or temporary: Tmp
